Determining if the pthread_create exist failed with the following output:
Change Dir: /home/tilda/projekt/build/CMakeFiles/CMakeTmp

Run Build Command:"/usr/bin/make" "cmTC_96aea/fast"
/usr/bin/make -f CMakeFiles/cmTC_96aea.dir/build.make CMakeFiles/cmTC_96aea.dir/build
make[1]: Entering directory '/home/tilda/projekt/build/CMakeFiles/CMakeTmp'
Building C object CMakeFiles/cmTC_96aea.dir/CheckSymbolExists.c.o
/usr/bin/cc    -o CMakeFiles/cmTC_96aea.dir/CheckSymbolExists.c.o   -c /home/tilda/projekt/build/CMakeFiles/CMakeTmp/CheckSymbolExists.c
Linking C executable cmTC_96aea
/usr/bin/cmake -E cmake_link_script CMakeFiles/cmTC_96aea.dir/link.txt --verbose=1
/usr/bin/cc      -rdynamic CMakeFiles/cmTC_96aea.dir/CheckSymbolExists.c.o  -o cmTC_96aea 
CMakeFiles/cmTC_96aea.dir/CheckSymbolExists.c.o: In function `main':
CheckSymbolExists.c:(.text+0x1b): undefined reference to `pthread_create'
collect2: error: ld returned 1 exit status
CMakeFiles/cmTC_96aea.dir/build.make:97: recipe for target 'cmTC_96aea' failed
make[1]: *** [cmTC_96aea] Error 1
make[1]: Leaving directory '/home/tilda/projekt/build/CMakeFiles/CMakeTmp'
Makefile:126: recipe for target 'cmTC_96aea/fast' failed
make: *** [cmTC_96aea/fast] Error 2

File /home/tilda/projekt/build/CMakeFiles/CMakeTmp/CheckSymbolExists.c:
/* */
#include <pthread.h>

int main(int argc, char** argv)
{
  (void)argv;
#ifndef pthread_create
  return ((int*)(&pthread_create))[argc];
#else
  (void)argc;
  return 0;
#endif
}

Determining if the function pthread_create exists in the pthreads failed with the following output:
Change Dir: /home/tilda/projekt/build/CMakeFiles/CMakeTmp

Run Build Command:"/usr/bin/make" "cmTC_fcde9/fast"
/usr/bin/make -f CMakeFiles/cmTC_fcde9.dir/build.make CMakeFiles/cmTC_fcde9.dir/build
make[1]: Entering directory '/home/tilda/projekt/build/CMakeFiles/CMakeTmp'
Building C object CMakeFiles/cmTC_fcde9.dir/CheckFunctionExists.c.o
/usr/bin/cc   -DCHECK_FUNCTION_EXISTS=pthread_create   -o CMakeFiles/cmTC_fcde9.dir/CheckFunctionExists.c.o   -c /usr/share/cmake-3.10/Modules/CheckFunctionExists.c
Linking C executable cmTC_fcde9
/usr/bin/cmake -E cmake_link_script CMakeFiles/cmTC_fcde9.dir/link.txt --verbose=1
/usr/bin/cc  -DCHECK_FUNCTION_EXISTS=pthread_create    -rdynamic CMakeFiles/cmTC_fcde9.dir/CheckFunctionExists.c.o  -o cmTC_fcde9 -lpthreads 
/usr/bin/ld: cannot find -lpthreads
collect2: error: ld returned 1 exit status
CMakeFiles/cmTC_fcde9.dir/build.make:97: recipe for target 'cmTC_fcde9' failed
make[1]: *** [cmTC_fcde9] Error 1
make[1]: Leaving directory '/home/tilda/projekt/build/CMakeFiles/CMakeTmp'
Makefile:126: recipe for target 'cmTC_fcde9/fast' failed
make: *** [cmTC_fcde9/fast] Error 2


